<?xml version="1.0" encoding="UTF-8"?>
<!-- Generated by org.testng.reporters.JUnitXMLReporter -->
<testsuite ignored="0" hostname="LAPTOP-V5VMG2BK" failures="0" tests="3" name="Default test" time="26.412" errors="0" timestamp="2024-06-22T13:04:04 IST">
  <testcase classname="maven_tasks.login1" name="login" time="11.218"/>
  <testcase classname="maven_tasks.login1" name="login" time="6.2"/>
  <testcase classname="maven_tasks.login1" name="login" time="8.513"/>
</testsuite> <!-- Default test -->
