<?xml version="1.0" encoding="UTF-8"?>
<testng-results ignored="0" total="3" passed="3" failed="0" skipped="0">
  <reporter-output>
  </reporter-output>
  <suite started-at="2024-06-22T13:03:37 IST" name="Default suite" finished-at="2024-06-22T13:04:04 IST" duration-ms="26412">
    <groups>
    </groups>
    <test started-at="2024-06-22T13:03:37 IST" name="Default test" finished-at="2024-06-22T13:04:04 IST" duration-ms="26412">
      <class name="maven_tasks.login1">
        <test-method signature="login(java.lang.String,java.lang.String)[pri:0, instance:maven_tasks.login1@2e6a8155]" started-at="2024-06-22T13:03:38 IST" name="login" data-provider="logindata" finished-at="2024-06-22T13:03:49 IST" duration-ms="11218" status="PASS">
          <params>
            <param index="0">
              <value>
                <![CDATA[user2]]>
              </value>
            </param>
            <param index="1">
              <value>
                <![CDATA[pass2]]>
              </value>
            </param>
          </params>
          <reporter-output>
          </reporter-output>
        </test-method> <!-- login -->
        <test-method signature="login(java.lang.String,java.lang.String)[pri:0, instance:maven_tasks.login1@2e6a8155]" started-at="2024-06-22T13:03:49 IST" name="login" data-provider="logindata" finished-at="2024-06-22T13:03:55 IST" duration-ms="6200" status="PASS">
          <params>
            <param index="0">
              <value>
                <![CDATA[username]]>
              </value>
            </param>
            <param index="1">
              <value>
                <![CDATA[password]]>
              </value>
            </param>
          </params>
          <reporter-output>
          </reporter-output>
        </test-method> <!-- login -->
        <test-method signature="login(java.lang.String,java.lang.String)[pri:0, instance:maven_tasks.login1@2e6a8155]" started-at="2024-06-22T13:03:55 IST" name="login" data-provider="logindata" finished-at="2024-06-22T13:04:03 IST" duration-ms="8513" status="PASS">
          <params>
            <param index="0">
              <value>
                <![CDATA[student]]>
              </value>
            </param>
            <param index="1">
              <value>
                <![CDATA[Password123]]>
              </value>
            </param>
          </params>
          <reporter-output>
          </reporter-output>
        </test-method> <!-- login -->
        <test-method is-config="true" signature="login1()[pri:0, instance:maven_tasks.login1@2e6a8155]" started-at="2024-06-22T13:04:04 IST" name="login1" finished-at="2024-06-22T13:04:04 IST" duration-ms="362" status="PASS">
          <reporter-output>
          </reporter-output>
        </test-method> <!-- login1 -->
      </class> <!-- maven_tasks.login1 -->
    </test> <!-- Default test -->
  </suite> <!-- Default suite -->
</testng-results>
